# JRE version: OpenJDK Runtime Environment Temurin-21.0.8+9 (21.0.8+9) (build 21.0.8+9-LTS)
# Java VM: OpenJDK 64-Bit Server VM Temurin-21.0.8+9 (21.0.8+9-LTS, mixed mode, sharing, tiered, compressed oops, compressed class ptrs, parallel gc, windows-amd64)
GC Precious Log:
 CardTable entry size: 512
 CPUs: 12 total, 12 available
 Memory: 7521M
 Large Page Support: Disabled
 NUMA Support: Disabled
 Compressed Oops: Enabled (32-bit)
 Alignments: Space 512K, Generation 512K, Heap 2M
 Heap Min Capacity: 100M
 Heap Initial Capacity: 100M
 Heap Max Capacity: 2G
 Pre-touch: Disabled
 Parallel Workers: 10
Heap:
 PSYoungGen      total 7680K, used 7463K [0x00000000d5580000, 0x00000000d5e80000, 0x0000000100000000)
  eden space 6144K, 100% used [0x00000000d5580000,0x00000000d5b80000,0x00000000d5b80000)
  from space 1536K, 85% used [0x00000000d5d00000,0x00000000d5e49e08,0x00000000d5e80000)
  to   space 1536K, 67% used [0x00000000d5b80000,0x00000000d5c834e0,0x00000000d5d00000)
 ParOldGen       total 239104K, used 239100K [0x0000000080000000, 0x000000008e980000, 0x00000000d5580000)
  object space 239104K, 99% used [0x0000000080000000,0x000000008e97f170,0x000000008e980000)
 Metaspace       used 73498K, committed 75008K, reserved 1114112K
  class space    used 9119K, committed 9856K, reserved 1048576K
GC Heap History (20 events):
Event: 73.046 GC heap after
{Heap after GC invocations=364 (full 3):
 PSYoungGen      total 7168K, used 992K [0x00000000d5580000, 0x00000000d6080000, 0x0000000100000000)
  eden space 6144K, 0% used [0x00000000d5580000,0x00000000d5580000,0x00000000d5b80000)
  from space 1024K, 96% used [0x00000000d5b80000,0x00000000d5c780b0,0x00000000d5c80000)
  to   space 2560K, 0% used [0x00000000d5e00000,0x00000000d5e00000,0x00000000d6080000)
 ParOldGen       total 229888K, used 229695K [0x0000000080000000, 0x000000008e080000, 0x00000000d5580000)
  object space 229888K, 99% used [0x0000000080000000,0x000000008e04ff90,0x000000008e080000)
 Metaspace       used 73481K, committed 74944K, reserved 1114112K
  class space    used 9117K, committed 9792K, reserved 1048576K
}
Event: 73.056 GC heap before
{Heap before GC invocations=365 (full 3):
 PSYoungGen      total 7168K, used 7136K [0x00000000d5580000, 0x00000000d6080000, 0x0000000100000000)
  eden space 6144K, 100% used [0x00000000d5580000,0x00000000d5b80000,0x00000000d5b80000)
  from space 1024K, 96% used [0x00000000d5b80000,0x00000000d5c780b0,0x00000000d5c80000)
  to   space 2560K, 0% used [0x00000000d5e00000,0x00000000d5e00000,0x00000000d6080000)
 ParOldGen       total 229888K, used 229695K [0x0000000080000000, 0x000000008e080000, 0x00000000d5580000)
  object space 229888K, 99% used [0x0000000080000000,0x000000008e04ff90,0x000000008e080000)
 Metaspace       used 73482K, committed 74944K, reserved 1114112K
  class space    used 9117K, committed 9792K, reserved 1048576K
}
Event: 73.058 GC heap after
{Heap after GC invocations=365 (full 3):
 PSYoungGen      total 7680K, used 1244K [0x00000000d5580000, 0x00000000d5f80000, 0x0000000100000000)
  eden space 6144K, 0% used [0x00000000d5580000,0x00000000d5580000,0x00000000d5b80000)
  from space 1536K, 81% used [0x00000000d5e00000,0x00000000d5f37230,0x00000000d5f80000)
  to   space 1536K, 0% used [0x00000000d5c80000,0x00000000d5c80000,0x00000000d5e00000)
 ParOldGen       total 230912K, used 230550K [0x0000000080000000, 0x000000008e180000, 0x00000000d5580000)
  object space 230912K, 99% used [0x0000000080000000,0x000000008e125b90,0x000000008e180000)
 Metaspace       used 73482K, committed 74944K, reserved 1114112K
  class space    used 9117K, committed 9792K, reserved 1048576K
}
Event: 73.071 GC heap before
{Heap before GC invocations=366 (full 3):
 PSYoungGen      total 7680K, used 7388K [0x00000000d5580000, 0x00000000d5f80000, 0x0000000100000000)
  eden space 6144K, 100% used [0x00000000d5580000,0x00000000d5b80000,0x00000000d5b80000)
  from space 1536K, 81% used [0x00000000d5e00000,0x00000000d5f37230,0x00000000d5f80000)
  to   space 1536K, 0% used [0x00000000d5c80000,0x00000000d5c80000,0x00000000d5e00000)
 ParOldGen       total 230912K, used 230550K [0x0000000080000000, 0x000000008e180000, 0x00000000d5580000)
  object space 230912K, 99% used [0x0000000080000000,0x000000008e125b90,0x000000008e180000)
 Metaspace       used 73485K, committed 74944K, reserved 1114112K
  class space    used 9117K, committed 9792K, reserved 1048576K
}
Event: 73.073 GC heap after
{Heap after GC invocations=366 (full 3):
 PSYoungGen      total 7680K, used 1243K [0x00000000d5580000, 0x00000000d5e80000, 0x0000000100000000)
  eden space 6144K, 0% used [0x00000000d5580000,0x00000000d5580000,0x00000000d5b80000)
  from space 1536K, 80% used [0x00000000d5c80000,0x00000000d5db6c98,0x00000000d5e00000)
  to   space 512K, 0% used [0x00000000d5e00000,0x00000000d5e00000,0x00000000d5e80000)
 ParOldGen       total 231936K, used 231507K [0x0000000080000000, 0x000000008e280000, 0x00000000d5580000)
  object space 231936K, 99% used [0x0000000080000000,0x000000008e214d40,0x000000008e280000)
 Metaspace       used 73485K, committed 74944K, reserved 1114112K
  class space    used 9117K, committed 9792K, reserved 1048576K
}
Event: 73.085 GC heap before
{Heap before GC invocations=367 (full 3):
 PSYoungGen      total 7680K, used 7387K [0x00000000d5580000, 0x00000000d5e80000, 0x0000000100000000)
  eden space 6144K, 100% used [0x00000000d5580000,0x00000000d5b80000,0x00000000d5b80000)
  from space 1536K, 80% used [0x00000000d5c80000,0x00000000d5db6c98,0x00000000d5e00000)
  to   space 512K, 0% used [0x00000000d5e00000,0x00000000d5e00000,0x00000000d5e80000)
 ParOldGen       total 231936K, used 231507K [0x0000000080000000, 0x000000008e280000, 0x00000000d5580000)
  object space 231936K, 99% used [0x0000000080000000,0x000000008e214d40,0x000000008e280000)
 Metaspace       used 73488K, committed 74944K, reserved 1114112K
  class space    used 9117K, committed 9792K, reserved 1048576K
}
Event: 73.087 GC heap after
{Heap after GC invocations=367 (full 3):
 PSYoungGen      total 6656K, used 503K [0x00000000d5580000, 0x00000000d6080000, 0x0000000100000000)
  eden space 6144K, 0% used [0x00000000d5580000,0x00000000d5580000,0x00000000d5b80000)
  from space 512K, 98% used [0x00000000d5e00000,0x00000000d5e7dcd8,0x00000000d5e80000)
  to   space 2560K, 0% used [0x00000000d5b80000,0x00000000d5b80000,0x00000000d5e00000)
 ParOldGen       total 233472K, used 232972K [0x0000000080000000, 0x000000008e400000, 0x00000000d5580000)
  object space 233472K, 99% used [0x0000000080000000,0x000000008e3833a0,0x000000008e400000)
 Metaspace       used 73488K, committed 74944K, reserved 1114112K
  class space    used 9117K, committed 9792K, reserved 1048576K
}
Event: 73.100 GC heap before
{Heap before GC invocations=368 (full 3):
 PSYoungGen      total 6656K, used 6647K [0x00000000d5580000, 0x00000000d6080000, 0x0000000100000000)
  eden space 6144K, 100% used [0x00000000d5580000,0x00000000d5b80000,0x00000000d5b80000)
  from space 512K, 98% used [0x00000000d5e00000,0x00000000d5e7dcd8,0x00000000d5e80000)
  to   space 2560K, 0% used [0x00000000d5b80000,0x00000000d5b80000,0x00000000d5e00000)
 ParOldGen       total 233472K, used 232972K [0x0000000080000000, 0x000000008e400000, 0x00000000d5580000)
  object space 233472K, 99% used [0x0000000080000000,0x000000008e3833a0,0x000000008e400000)
 Metaspace       used 73488K, committed 74944K, reserved 1114112K
  class space    used 9117K, committed 9792K, reserved 1048576K
}
Event: 73.102 GC heap after
{Heap after GC invocations=368 (full 3):
 PSYoungGen      total 7680K, used 1202K [0x00000000d5580000, 0x00000000d5e80000, 0x0000000100000000)
  eden space 6144K, 0% used [0x00000000d5580000,0x00000000d5580000,0x00000000d5b80000)
  from space 1536K, 78% used [0x00000000d5b80000,0x00000000d5cac9c8,0x00000000d5d00000)
  to   space 1536K, 0% used [0x00000000d5d00000,0x00000000d5d00000,0x00000000d5e80000)
 ParOldGen       total 233984K, used 233495K [0x0000000080000000, 0x000000008e480000, 0x00000000d5580000)
  object space 233984K, 99% used [0x0000000080000000,0x000000008e405d98,0x000000008e480000)
 Metaspace       used 73488K, committed 74944K, reserved 1114112K
  class space    used 9117K, committed 9792K, reserved 1048576K
}
Event: 73.112 GC heap before
{Heap before GC invocations=369 (full 3):
 PSYoungGen      total 7680K, used 7346K [0x00000000d5580000, 0x00000000d5e80000, 0x0000000100000000)
  eden space 6144K, 100% used [0x00000000d5580000,0x00000000d5b80000,0x00000000d5b80000)
  from space 1536K, 78% used [0x00000000d5b80000,0x00000000d5cac9c8,0x00000000d5d00000)
  to   space 1536K, 0% used [0x00000000d5d00000,0x00000000d5d00000,0x00000000d5e80000)
 ParOldGen       total 233984K, used 233495K [0x0000000080000000, 0x000000008e480000, 0x00000000d5580000)
  object space 233984K, 99% used [0x0000000080000000,0x000000008e405d98,0x000000008e480000)
 Metaspace       used 73488K, committed 74944K, reserved 1114112K
  class space    used 9117K, committed 9792K, reserved 1048576K
}
Event: 73.114 GC heap after
{Heap after GC invocations=369 (full 3):
 PSYoungGen      total 7680K, used 1421K [0x00000000d5580000, 0x00000000d5e80000, 0x0000000100000000)
  eden space 6144K, 0% used [0x00000000d5580000,0x00000000d5580000,0x00000000d5b80000)
  from space 1536K, 92% used [0x00000000d5d00000,0x00000000d5e63760,0x00000000d5e80000)
  to   space 1536K, 0% used [0x00000000d5b80000,0x00000000d5b80000,0x00000000d5d00000)
 ParOldGen       total 234496K, used 234482K [0x0000000080000000, 0x000000008e500000, 0x00000000d5580000)
  object space 234496K, 99% used [0x0000000080000000,0x000000008e4fc828,0x000000008e500000)
 Metaspace       used 73488K, committed 74944K, reserved 1114112K
  class space    used 9117K, committed 9792K, reserved 1048576K
}
Event: 73.128 GC heap before
{Heap before GC invocations=370 (full 3):
 PSYoungGen      total 7680K, used 7552K [0x00000000d5580000, 0x00000000d5e80000, 0x0000000100000000)
  eden space 6144K, 99% used [0x00000000d5580000,0x00000000d5b7c998,0x00000000d5b80000)
  from space 1536K, 92% used [0x00000000d5d00000,0x00000000d5e63760,0x00000000d5e80000)
  to   space 1536K, 0% used [0x00000000d5b80000,0x00000000d5b80000,0x00000000d5d00000)
 ParOldGen       total 234496K, used 234482K [0x0000000080000000, 0x000000008e500000, 0x00000000d5580000)
  object space 234496K, 99% used [0x0000000080000000,0x000000008e4fc828,0x000000008e500000)
 Metaspace       used 73490K, committed 75008K, reserved 1114112K
  class space    used 9118K, committed 9856K, reserved 1048576K
}
Event: 73.130 GC heap after
{Heap after GC invocations=370 (full 3):
 PSYoungGen      total 7680K, used 1185K [0x00000000d5580000, 0x00000000d5e80000, 0x0000000100000000)
  eden space 6144K, 0% used [0x00000000d5580000,0x00000000d5580000,0x00000000d5b80000)
  from space 1536K, 77% used [0x00000000d5b80000,0x00000000d5ca86e8,0x00000000d5d00000)
  to   space 1536K, 0% used [0x00000000d5d00000,0x00000000d5d00000,0x00000000d5e80000)
 ParOldGen       total 235520K, used 235510K [0x0000000080000000, 0x000000008e600000, 0x00000000d5580000)
  object space 235520K, 99% used [0x0000000080000000,0x000000008e5fd828,0x000000008e600000)
 Metaspace       used 73490K, committed 75008K, reserved 1114112K
  class space    used 9118K, committed 9856K, reserved 1048576K
}
Event: 73.143 GC heap before
{Heap before GC invocations=371 (full 3):
 PSYoungGen      total 7680K, used 7283K [0x00000000d5580000, 0x00000000d5e80000, 0x0000000100000000)
  eden space 6144K, 99% used [0x00000000d5580000,0x00000000d5b74608,0x00000000d5b80000)
  from space 1536K, 77% used [0x00000000d5b80000,0x00000000d5ca86e8,0x00000000d5d00000)
  to   space 1536K, 0% used [0x00000000d5d00000,0x00000000d5d00000,0x00000000d5e80000)
 ParOldGen       total 235520K, used 235510K [0x0000000080000000, 0x000000008e600000, 0x00000000d5580000)
  object space 235520K, 99% used [0x0000000080000000,0x000000008e5fd828,0x000000008e600000)
 Metaspace       used 73490K, committed 75008K, reserved 1114112K
  class space    used 9118K, committed 9856K, reserved 1048576K
}
Event: 73.145 GC heap after
{Heap after GC invocations=371 (full 3):
 PSYoungGen      total 7680K, used 1128K [0x00000000d5580000, 0x00000000d5e80000, 0x0000000100000000)
  eden space 6144K, 0% used [0x00000000d5580000,0x00000000d5580000,0x00000000d5b80000)
  from space 1536K, 73% used [0x00000000d5d00000,0x00000000d5e1a288,0x00000000d5e80000)
  to   space 1536K, 0% used [0x00000000d5b80000,0x00000000d5b80000,0x00000000d5d00000)
 ParOldGen       total 236544K, used 236514K [0x0000000080000000, 0x000000008e700000, 0x00000000d5580000)
  object space 236544K, 99% used [0x0000000080000000,0x000000008e6f8a78,0x000000008e700000)
 Metaspace       used 73490K, committed 75008K, reserved 1114112K
  class space    used 9118K, committed 9856K, reserved 1048576K
}
Event: 73.157 GC heap before
{Heap before GC invocations=372 (full 3):
 PSYoungGen      total 7680K, used 7272K [0x00000000d5580000, 0x00000000d5e80000, 0x0000000100000000)
  eden space 6144K, 100% used [0x00000000d5580000,0x00000000d5b80000,0x00000000d5b80000)
  from space 1536K, 73% used [0x00000000d5d00000,0x00000000d5e1a288,0x00000000d5e80000)
  to   space 1536K, 0% used [0x00000000d5b80000,0x00000000d5b80000,0x00000000d5d00000)
 ParOldGen       total 236544K, used 236514K [0x0000000080000000, 0x000000008e700000, 0x00000000d5580000)
  object space 236544K, 99% used [0x0000000080000000,0x000000008e6f8a78,0x000000008e700000)
 Metaspace       used 73492K, committed 75008K, reserved 1114112K
  class space    used 9118K, committed 9856K, reserved 1048576K
}
Event: 73.159 GC heap after
{Heap after GC invocations=372 (full 3):
 PSYoungGen      total 7680K, used 1149K [0x00000000d5580000, 0x00000000d5e80000, 0x0000000100000000)
  eden space 6144K, 0% used [0x00000000d5580000,0x00000000d5580000,0x00000000d5b80000)
  from space 1536K, 74% used [0x00000000d5b80000,0x00000000d5c9f620,0x00000000d5d00000)
  to   space 1536K, 0% used [0x00000000d5d00000,0x00000000d5d00000,0x00000000d5e80000)
 ParOldGen       total 237568K, used 237461K [0x0000000080000000, 0x000000008e800000, 0x00000000d5580000)
  object space 237568K, 99% used [0x0000000080000000,0x000000008e7e56d8,0x000000008e800000)
 Metaspace       used 73492K, committed 75008K, reserved 1114112K
  class space    used 9118K, committed 9856K, reserved 1048576K
}
Event: 73.173 GC heap before
{Heap before GC invocations=373 (full 3):
 PSYoungGen      total 7680K, used 7293K [0x00000000d5580000, 0x00000000d5e80000, 0x0000000100000000)
  eden space 6144K, 100% used [0x00000000d5580000,0x00000000d5b80000,0x00000000d5b80000)
  from space 1536K, 74% used [0x00000000d5b80000,0x00000000d5c9f620,0x00000000d5d00000)
  to   space 1536K, 0% used [0x00000000d5d00000,0x00000000d5d00000,0x00000000d5e80000)
 ParOldGen       total 237568K, used 237461K [0x0000000080000000, 0x000000008e800000, 0x00000000d5580000)
  object space 237568K, 99% used [0x0000000080000000,0x000000008e7e56d8,0x000000008e800000)
 Metaspace       used 73496K, committed 75008K, reserved 1114112K
  class space    used 9119K, committed 9856K, reserved 1048576K
}
Event: 73.175 GC heap after
{Heap after GC invocations=373 (full 3):
 PSYoungGen      total 7680K, used 1319K [0x00000000d5580000, 0x00000000d5e80000, 0x0000000100000000)
  eden space 6144K, 0% used [0x00000000d5580000,0x00000000d5580000,0x00000000d5b80000)
  from space 1536K, 85% used [0x00000000d5d00000,0x00000000d5e49e08,0x00000000d5e80000)
  to   space 1536K, 0% used [0x00000000d5b80000,0x00000000d5b80000,0x00000000d5d00000)
 ParOldGen       total 238592K, used 238483K [0x0000000080000000, 0x000000008e900000, 0x00000000d5580000)
  object space 238592K, 99% used [0x0000000080000000,0x000000008e8e4e08,0x000000008e900000)
 Metaspace       used 73496K, committed 75008K, reserved 1114112K
  class space    used 9119K, committed 9856K, reserved 1048576K
}
Event: 73.189 GC heap before
{Heap before GC invocations=374 (full 3):
 PSYoungGen      total 7680K, used 7463K [0x00000000d5580000, 0x00000000d5e80000, 0x0000000100000000)
  eden space 6144K, 100% used [0x00000000d5580000,0x00000000d5b80000,0x00000000d5b80000)
  from space 1536K, 85% used [0x00000000d5d00000,0x00000000d5e49e08,0x00000000d5e80000)
  to   space 1536K, 0% used [0x00000000d5b80000,0x00000000d5b80000,0x00000000d5d00000)
 ParOldGen       total 238592K, used 238483K [0x0000000080000000, 0x000000008e900000, 0x00000000d5580000)
  object space 238592K, 99% used [0x0000000080000000,0x000000008e8e4e08,0x000000008e900000)
 Metaspace       used 73498K, committed 75008K, reserved 1114112K
  class space    used 9119K, committed 9856K, reserved 1048576K
}

